[    0.000000] Linux version 4.15.0-212-generic (buildd@lcy02-amd64-083) (gcc version 7.5.0 (Ubuntu 7.5.0-3ubuntu1~18.04)) #223-Ubuntu SMP Tue May 23 13:09:22 UTC 2023 (Ubuntu 4.15.0-212.223-generic 4.15.18)
[    0.000000] Command line: BOOT_IMAGE=/boot/vmlinuz-4.15.0-212-generic root=LABEL=cloudimg-rootfs ro console=tty1 console=ttyS0
[    0.000000] KERNEL supported cpus:
[    0.000000]   Intel GenuineIntel
[    0.000000]   AMD AuthenticAMD
[    0.000000]   Centaur CentaurHauls
[    0.000000] [Firmware Bug]: TSC doesn't count with P0 frequency!
[    0.000000] x86/fpu: Supporting XSAVE feature 0x001: 'x87 floating point registers'
[    0.000000] x86/fpu: Supporting XSAVE feature 0x002: 'SSE registers'
[    0.000000] x86/fpu: Supporting XSAVE feature 0x004: 'AVX registers'
[    0.000000] x86/fpu: xstate_offset[2]:  576, xstate_sizes[2]:  256
[    0.000000] x86/fpu: Enabled xstate features 0x7, context size is 832 bytes, using 'standard' format.
[    0.000000] e820: BIOS-provided physical RAM map:
[    0.000000] BIOS-e820: [mem 0x0000000000000000-0x000000000009fbff] usable
[    0.000000] BIOS-e820: [mem 0x000000000009fc00-0x000000000009ffff] reserved
[    0.000000] BIOS-e820: [mem 0x00000000000f0000-0x00000000000fffff] reserved
[    0.000000] BIOS-e820: [mem 0x0000000000100000-0x00000000417effff] usable
[    0.000000] BIOS-e820: [mem 0x00000000417f0000-0x00000000417fffff] ACPI data
[    0.000000] BIOS-e820: [mem 0x00000000fec00000-0x00000000fec00fff] reserved
[    0.000000] BIOS-e820: [mem 0x00000000fee00000-0x00000000fee00fff] reserved
[    0.000000] BIOS-e820: [mem 0x00000000fffc0000-0x00000000ffffffff] reserved
[    0.000000] NX (Execute Disable) protection: active
[    0.000000] SMBIOS 2.5 present.
[    0.000000] DMI: innotek GmbH VirtualBox/VirtualBox, BIOS VirtualBox 12/01/2006
[    0.000000] Hypervisor detected: KVM
[    0.000000] AGP: No AGP bridge found
[    0.000000] e820: last_pfn = 0x417f0 max_arch_pfn = 0x400000000
[    0.000000] MTRR: Disabled
[    0.000000] x86/PAT: MTRRs disabled, skipping PAT initialization too.
[    0.000000] CPU MTRRs all blank - virtualized system.
[    0.000000] x86/PAT: Configuration [0-7]: WB  WT  UC- UC  WB  WT  UC- UC  
[    0.000000] found SMP MP-table at [mem 0x0009fff0-0x0009ffff]
[    0.000000] Scanning 1 areas for low memory corruption
[    0.000000] RAMDISK: [mem 0x359cb000-0x36cdcfff]
[    0.000000] ACPI: Early table checksum verification disabled
[    0.000000] ACPI: RSDP 0x00000000000E0000 000024 (v02 VBOX  )
[    0.000000] ACPI: XSDT 0x00000000417F0030 00003C (v01 VBOX   VBOXXSDT 00000001 ASL  00000061)
[    0.000000] ACPI: FACP 0x00000000417F00F0 0000F4 (v04 VBOX   VBOXFACP 00000001 ASL  00000061)
[    0.000000] ACPI: DSDT 0x00000000417F0470 002325 (v02 VBOX   VBOXBIOS 00000002 INTL 20190509)
[    0.000000] ACPI: FACS 0x00000000417F0200 000040
[    0.000000] ACPI: FACS 0x00000000417F0200 000040
[    0.000000] ACPI: APIC 0x00000000417F0240 00005C (v02 VBOX   VBOXAPIC 00000001 ASL  00000061)
[    0.000000] ACPI: SSDT 0x00000000417F02A0 0001CC (v01 VBOX   VBOXCPUT 00000002 INTL 20190509)
[    0.000000] ACPI: Reserving FACP table memory at [mem 0x417f00f0-0x417f01e3]
[    0.000000] ACPI: Reserving DSDT table memory at [mem 0x417f0470-0x417f2794]
[    0.000000] ACPI: Reserving FACS table memory at [mem 0x417f0200-0x417f023f]
[    0.000000] ACPI: Reserving FACS table memory at [mem 0x417f0200-0x417f023f]
[    0.000000] ACPI: Reserving APIC table memory at [mem 0x417f0240-0x417f029b]
[    0.000000] ACPI: Reserving SSDT table memory at [mem 0x417f02a0-0x417f046b]
[    0.000000] No NUMA configuration found
[    0.000000] Faking a node at [mem 0x0000000000000000-0x00000000417effff]
[    0.000000] NODE_DATA(0) allocated [mem 0x417c5000-0x417effff]
[    0.000000] kvm-clock: cpu 0, msr 0:41744001, primary cpu clock
[    0.000000] kvm-clock: Using msrs 4b564d01 and 4b564d00
[    0.000000] kvm-clock: using sched offset of 4938165948 cycles
[    0.000000] clocksource: kvm-clock: mask: 0xffffffffffffffff max_cycles: 0x1cd42e4dffb, max_idle_ns: 881590591483 ns
[    0.000000] Zone ranges:
[    0.000000]   DMA      [mem 0x0000000000001000-0x0000000000ffffff]
[    0.000000]   DMA32    [mem 0x0000000001000000-0x00000000417effff]
[    0.000000]   Normal   empty
[    0.000000]   Device   empty
[    0.000000] Movable zone start for each node
[    0.000000] Early memory node ranges
[    0.000000]   node   0: [mem 0x0000000000001000-0x000000000009efff]
[    0.000000]   node   0: [mem 0x0000000000100000-0x00000000417effff]
[    0.000000] Reserved but unavailable: 104 pages
[    0.000000] Initmem setup node 0 [mem 0x0000000000001000-0x00000000417effff]
[    0.000000] ACPI: PM-Timer IO Port: 0x4008
[    0.000000] IOAPIC[0]: apic_id 2, version 32, address 0xfec00000, GSI 0-23
[    0.000000] ACPI: INT_SRC_OVR (bus 0 bus_irq 0 global_irq 2 dfl dfl)
[    0.000000] ACPI: INT_SRC_OVR (bus 0 bus_irq 9 global_irq 9 low level)
[    0.000000] Using ACPI (MADT) for SMP configuration information
[    0.000000] smpboot: Allowing 2 CPUs, 0 hotplug CPUs
[    0.000000] PM: Registered nosave memory: [mem 0x00000000-0x00000fff]
[    0.000000] PM: Registered nosave memory: [mem 0x0009f000-0x0009ffff]
[    0.000000] PM: Registered nosave memory: [mem 0x000a0000-0x000effff]
[    0.000000] PM: Registered nosave memory: [mem 0x000f0000-0x000fffff]
[    0.000000] e820: [mem 0x41800000-0xfebfffff] available for PCI devices
[    0.000000] Booting paravirtualized kernel on KVM
[    0.000000] clocksource: refined-jiffies: mask: 0xffffffff max_cycles: 0xffffffff, max_idle_ns: 7645519600211568 ns
[    0.000000] setup_percpu: NR_CPUS:8192 nr_cpumask_bits:2 nr_cpu_ids:2 nr_node_ids:1
[    0.000000] percpu: Embedded 50 pages/cpu s167936 r8192 d28672 u1048576
[    0.000000] PV qspinlock hash table entries: 256 (order: 0, 4096 bytes)
[    0.000000] Built 1 zonelists, mobility grouping on.  Total pages: 263961
[    0.000000] Policy zone: DMA32
[    0.000000] Kernel command line: BOOT_IMAGE=/boot/vmlinuz-4.15.0-212-generic root=LABEL=cloudimg-rootfs ro console=tty1 console=ttyS0
[    0.000000] AGP: Checking aperture...
[    0.000000] AGP: No AGP bridge found
[    0.000000] Memory: 1005172K/1072696K available (12300K kernel code, 2477K rwdata, 4324K rodata, 2480K init, 2720K bss, 67524K reserved, 0K cma-reserved)
[    0.000000] SLUB: HWalign=64, Order=0-3, MinObjects=0, CPUs=2, Nodes=1
[    0.000000] ftrace: allocating 39508 entries in 155 pages
[    0.004000] Hierarchical RCU implementation.
[    0.004000] 	RCU restricting CPUs from NR_CPUS=8192 to nr_cpu_ids=2.
[    0.004000] 	Tasks RCU enabled.
[    0.004000] RCU: Adjusting geometry for rcu_fanout_leaf=16, nr_cpu_ids=2
[    0.004000] NR_IRQS: 524544, nr_irqs: 440, preallocated irqs: 16
[    0.004000] Console: colour VGA+ 80x25
[    0.004000] console [tty1] enabled
[    0.004000] console [ttyS0] enabled
[    0.004000] ACPI: Core revision 20170831
[    0.004000] ACPI: 2 ACPI AML tables successfully acquired and loaded
[    0.004000] APIC: Switch to symmetric I/O mode setup
[    0.004000] x2apic enabled
[    0.004000] Switched APIC routing to physical x2apic.
[    0.004000] ..TIMER: vector=0x30 apic1=0 pin1=2 apic2=-1 pin2=-1
[    0.004000] tsc: Detected 3817.290 MHz processor
[    0.004000] Calibrating delay loop (skipped) preset value.. 7634.58 BogoMIPS (lpj=15269160)
[    0.004000] pid_max: default: 32768 minimum: 301
[    0.004000] Security Framework initialized
[    0.004000] Yama: becoming mindful.
[    0.004035] AppArmor: AppArmor initialized
[    0.006612] Dentry cache hash table entries: 262144 (order: 9, 2097152 bytes)
[    0.009121] Inode-cache hash table entries: 131072 (order: 8, 1048576 bytes)
[    0.010747] Mount-cache hash table entries: 4096 (order: 3, 32768 bytes)
[    0.012015] Mountpoint-cache hash table entries: 4096 (order: 3, 32768 bytes)
[    0.013833] Last level iTLB entries: 4KB 512, 2MB 1024, 4MB 512
[    0.016002] Last level dTLB entries: 4KB 1024, 2MB 1024, 4MB 512, 1GB 0
[    0.017206] Spectre V1 : Mitigation: usercopy/swapgs barriers and __user pointer sanitization
[    0.020002] Spectre V2 : Mitigation: Retpolines
[    0.020989] Spectre V2 : Spectre v2 / SpectreRSB mitigation: Filling RSB on context switch
[    0.022591] Spectre V2 : Spectre v2 / SpectreRSB : Filling RSB on VMEXIT
[    0.024002] RETBleed: Vulnerable
[    0.024832] Freeing SMP alternatives memory: 36K
[    0.139180] APIC calibration not consistent with PM-Timer: 101ms instead of 100ms
[    0.140000] APIC delta adjusted to PM-Timer: 6271774 (6339967)
[    0.140056] smpboot: CPU0: AMD FX(tm)-4300 Quad-Core Processor (family: 0x15, model: 0x2, stepping: 0x0)
[    0.142228] Performance Events: PMU not available due to virtualization, using software events only.
[    0.144060] Hierarchical SRCU implementation.
[    0.145644] NMI watchdog: Perf event create on CPU 0 failed with -2
[    0.147031] NMI watchdog: Perf NMI watchdog permanently disabled
[    0.148072] smp: Bringing up secondary CPUs ...
[    0.149212] x86: Booting SMP configuration:
[    0.150155] .... node  #0, CPUs:      #1
[    0.004000] kvm-clock: cpu 1, msr 0:41744041, secondary cpu clock
[    0.154904] smp: Brought up 1 node, 2 CPUs
[    0.154904] smpboot: Max logical packages: 1
[    0.154904] smpboot: Total of 2 processors activated (15269.16 BogoMIPS)
[    0.156054] devtmpfs: initialized
[    0.157117] x86/mm: Memory block size: 128MB
[    0.160391] evm: security.selinux
[    0.161648] evm: security.SMACK64
[    0.162834] evm: security.SMACK64EXEC
[    0.164004] evm: security.SMACK64TRANSMUTE
[    0.165323] evm: security.SMACK64MMAP
[    0.166600] evm: security.apparmor
[    0.168003] evm: security.ima
[    0.169079] evm: security.capability
[    0.172205] clocksource: jiffies: mask: 0xffffffff max_cycles: 0xffffffff, max_idle_ns: 7645041785100000 ns
[    0.175153] futex hash table entries: 512 (order: 3, 32768 bytes)
[    0.176078] pinctrl core: initialized pinctrl subsystem
[    0.177442] RTC time: 10:44:44, date: 12/23/23
[    0.178931] NET: Registered protocol family 16
[    0.180099] audit: initializing netlink subsys (disabled)
[    0.184059] audit: type=2000 audit(1703328290.795:1): state=initialized audit_enabled=0 res=1
[    0.185750] cpuidle: using governor ladder
[    0.185750] cpuidle: using governor menu
[    0.188339] ACPI: bus type PCI registered
[    0.189105] acpiphp: ACPI Hot Plug PCI Controller Driver version: 0.5
[    0.192146] PCI: Using configuration type 1 for base access
[    0.193793] PCI: Using configuration type 1 for extended access
[    0.197404] HugeTLB registered 2.00 MiB page size, pre-allocated 0 pages
[    0.201243] ACPI: Added _OSI(Module Device)
[    0.201243] ACPI: Added _OSI(Processor Device)
[    0.201243] ACPI: Added _OSI(3.0 _SCP Extensions)
[    0.202500] ACPI: Added _OSI(Processor Aggregator Device)
[    0.204003] ACPI: Added _OSI(Linux-Dell-Video)
[    0.205193] ACPI: Added _OSI(Linux-Lenovo-NV-HDMI-Audio)
[    0.206614] ACPI: Added _OSI(Linux-HPI-Hybrid-Graphics)
[    0.208297] ACPI: Executed 1 blocks of module-level executable AML code
[    0.214158] ACPI: Interpreter enabled
[    0.214981] ACPI: (supports S0 S5)
[    0.220006] ACPI: Using IOAPIC for interrupt routing
[    0.221514] PCI: Using host bridge windows from ACPI; if necessary, use "pci=nocrs" and report a bug
[    0.221514] ACPI: Enabled 2 GPEs in block 00 to 07
[    0.228058] ACPI: PCI Root Bridge [PCI0] (domain 0000 [bus 00-ff])
[    0.229660] acpi PNP0A03:00: _OSC: OS supports [ExtendedConfig ASPM ClockPM Segments MSI]
[    0.232000] acpi PNP0A03:00: _OSC: platform does not support [PCIeCapability]
[    0.236543] acpi PNP0A03:00: _OSC: not requesting control; platform does not support [PCIeCapability]
[    0.238575] acpi PNP0A03:00: _OSC: OS requested [PCIeHotplug PME AER PCIeCapability]
[    0.240008] acpi PNP0A03:00: _OSC: platform willing to grant [PCIeHotplug PME AER]
[    0.240008] acpi PNP0A03:00: _OSC failed (AE_SUPPORT); disabling ASPM
[    0.241753] PCI host bridge to bus 0000:00
[    0.242664] pci_bus 0000:00: root bus resource [io  0x0000-0x0cf7 window]
[    0.244005] pci_bus 0000:00: root bus resource [io  0x0d00-0xffff window]
[    0.245318] pci_bus 0000:00: root bus resource [mem 0x000a0000-0x000bffff window]
[    0.248003] pci_bus 0000:00: root bus resource [mem 0x41800000-0xfdffffff window]
[    0.249527] pci_bus 0000:00: root bus resource [bus 00-ff]
[    0.252931] pci 0000:00:01.1: legacy IDE quirk: reg 0x10: [io  0x01f0-0x01f7]
[    0.254358] pci 0000:00:01.1: legacy IDE quirk: reg 0x14: [io  0x03f6]
[    0.255708] pci 0000:00:01.1: legacy IDE quirk: reg 0x18: [io  0x0170-0x0177]
[    0.256003] pci 0000:00:01.1: legacy IDE quirk: reg 0x1c: [io  0x0376]
[    0.280468] pci 0000:00:07.0: quirk: [io  0x4000-0x403f] claimed by PIIX4 ACPI
[    0.282671] pci 0000:00:07.0: quirk: [io  0x4100-0x410f] claimed by PIIX4 SMB
[    0.300056] ACPI: PCI Interrupt Link [LNKA] (IRQs 5 9 10 *11)
[    0.302365] ACPI: PCI Interrupt Link [LNKB] (IRQs 5 9 *10 11)
[    0.303765] ACPI: PCI Interrupt Link [LNKC] (IRQs 5 *9 10 11)
[    0.304195] ACPI: PCI Interrupt Link [LNKD] (IRQs 5 9 10 *11)
[    0.306806] SCSI subsystem initialized
[    0.312154] pci 0000:00:02.0: vgaarb: setting as boot VGA device
[    0.313310] pci 0000:00:02.0: vgaarb: VGA device added: decodes=io+mem,owns=io+mem,locks=none
[    0.316009] pci 0000:00:02.0: vgaarb: bridge control possible
[    0.318142] vgaarb: loaded
[    0.318955] ACPI: bus type USB registered
[    0.320071] usbcore: registered new interface driver usbfs
[    0.324049] usbcore: registered new interface driver hub
[    0.328029] usbcore: registered new device driver usb
[    0.329252] EDAC MC: Ver: 3.0.0
[    0.332054] PCI: Using ACPI for IRQ routing
[    0.333476] NetLabel: Initializing
[    0.334401] NetLabel:  domain hash size = 128
[    0.334401] NetLabel:  protocols = UNLABELED CIPSOv4 CALIPSO
[    0.334401] NetLabel:  unlabeled traffic allowed by default
[    0.336130] clocksource: Switched to clocksource kvm-clock
[    0.341412] VFS: Disk quotas dquot_6.6.0
[    0.341412] VFS: Dquot-cache hash table entries: 512 (order 0, 4096 bytes)
[    0.341412] AppArmor: AppArmor Filesystem Enabled
[    0.341412] pnp: PnP ACPI init
[    0.341412] pnp: PnP ACPI: found 3 devices
[    0.376269] clocksource: acpi_pm: mask: 0xffffff max_cycles: 0xffffff, max_idle_ns: 2085701024 ns
[    0.378606] NET: Registered protocol family 2
[    0.379916] IP idents hash table entries: 32768 (order: 6, 262144 bytes)
[    0.382025] TCP established hash table entries: 16384 (order: 5, 131072 bytes)
[    0.383918] TCP bind hash table entries: 16384 (order: 6, 262144 bytes)
[    0.385904] TCP: Hash tables configured (established 16384 bind 16384)
[    0.385904] UDP hash table entries: 1024 (order: 3, 32768 bytes)
[    0.385904] UDP-Lite hash table entries: 1024 (order: 3, 32768 bytes)
[    0.385904] NET: Registered protocol family 1
[    0.385904] pci 0000:00:00.0: Limiting direct PCI/PCI transfers
[    0.385904] pci 0000:00:01.0: Activating ISA DMA hang workarounds
[    0.385904] pci 0000:00:02.0: Video device with shadowed ROM at [mem 0x000c0000-0x000dffff]
[    0.385904] Unpacking initramfs...
[    0.385904] Freeing initrd memory: 19528K
[    0.385904] clocksource: tsc: mask: 0xffffffffffffffff max_cycles: 0x6e0c4980b3e, max_idle_ns: 881590647904 ns
[    0.385904] platform rtc_cmos: registered platform RTC device (no PNP device found)
[    0.385904] Scanning for low memory corruption every 60 seconds
[    0.749403] Initialise system trusted keyrings
[    0.753819] Key type blacklist registered
[    0.755292] workingset: timestamp_bits=36 max_order=18 bucket_order=0
[    0.759141] zbud: loaded
[    0.761095] squashfs: version 4.0 (2009/01/31) Phillip Lougher
[    0.762940] fuse init (API version 7.26)
[    0.771849] Key type asymmetric registered
[    0.772845] Asymmetric key parser 'x509' registered
[    0.774018] Block layer SCSI generic (bsg) driver version 0.4 loaded (major 246)
[    0.776763] io scheduler noop registered
[    0.777765] io scheduler deadline registered
[    0.778870] io scheduler cfq registered (default)
[    0.780690] ACPI: AC Adapter [AC] (on-line)
[    0.781894] input: Power Button as /devices/LNXSYSTM:00/LNXPWRBN:00/input/input0
[    0.784025] ACPI: Power Button [PWRF]
[    0.785376] input: Sleep Button as /devices/LNXSYSTM:00/LNXSLPBN:00/input/input1
[    0.787345] ACPI: Sleep Button [SLPF]
[    0.790971] Serial: 8250/16550 driver, 32 ports, IRQ sharing enabled
[    0.797650] 00:02: ttyS0 at I/O 0x3f8 (irq = 4, base_baud = 115200) is a 16550A
[    0.819664] Linux agpgart interface v0.103
[    0.823379] loop: module loaded
[    0.827602] scsi host0: ata_piix
[    0.828769] scsi host1: ata_piix
[    0.829707] ata1: PATA max UDMA/33 cmd 0x1f0 ctl 0x3f6 bmdma 0xd000 irq 14
[    0.831315] ata2: PATA max UDMA/33 cmd 0x170 ctl 0x376 bmdma 0xd008 irq 15
[    0.834349] tun: Universal TUN/TAP device driver, 1.6
[    0.837182] PPP generic driver version 2.4.2
[    0.838974] ehci_hcd: USB 2.0 'Enhanced' Host Controller (EHCI) Driver
[    0.840737] ehci-pci: EHCI PCI platform driver
[    0.841838] ehci-platform: EHCI generic platform driver
[    0.843419] ohci_hcd: USB 1.1 'Open' Host Controller (OHCI) Driver
[    0.844914] ohci-pci: OHCI PCI platform driver
[    0.846028] ohci-platform: OHCI generic platform driver
[    0.847264] uhci_hcd: USB Universal Host Controller Interface driver
[    0.848841] i8042: PNP: PS/2 Controller [PNP0303:PS2K,PNP0f03:PS2M] at 0x60,0x64 irq 1,12
[    0.851365] serio: i8042 KBD port at 0x60,0x64 irq 1
[    0.852638] serio: i8042 AUX port at 0x60,0x64 irq 12
[    0.854699] mousedev: PS/2 mouse device common for all mice
[    0.857913] input: AT Translated Set 2 keyboard as /devices/platform/i8042/serio0/input/input2
[    0.860519] rtc_cmos rtc_cmos: rtc core: registered rtc_cmos as rtc0
[    0.865848] rtc_cmos rtc_cmos: alarms up to one day, 114 bytes nvram
[    0.867358] i2c /dev entries driver
[    0.868324] device-mapper: uevent: version 1.0.3
[    0.869509] device-mapper: ioctl: 4.37.0-ioctl (2017-09-20) initialised: dm-devel@redhat.com
[    0.871428] ledtrig-cpu: registered to indicate activity on CPUs
[    0.873215] x86/pm: family 0x15 cpu detected, MSR saving is needed during suspending.
[    0.875229] NET: Registered protocol family 10
[    0.883560] Segment Routing with IPv6
[    0.885116] NET: Registered protocol family 17
[    0.886903] Key type dns_resolver registered
[    0.889116] mce: Using 0 MCE banks
[    0.890470] RAS: Correctable Errors collector initialized.
[    0.892288] sched_clock: Marking stable (889068067, 0)->(1114943392, -225875325)
[    0.895985] registered taskstats version 1
[    0.897136] Loading compiled-in X.509 certificates
[    0.902867] Loaded X.509 cert 'Build time autogenerated kernel key: b5b26778eaa3ab3a4a6cee031137706e947d12ad'
[    0.906578] Loaded X.509 cert 'Canonical Ltd. Live Patch Signing: 14df34d1a87cf37625abec039ef2bf521249b969'
[    0.910187] Loaded X.509 cert 'Canonical Ltd. Kernel Module Signing: 88f752e560a1e0737e31163a466ad7b70a850c19'
[    0.917361] blacklist: Loading compiled-in revocation X.509 certificates
[    0.918870] Loaded X.509 cert 'Canonical Ltd. Secure Boot Signing: 61482aa2830d0ab2ad5af10b7250da9033ddcef0'
[    0.923077] Loaded X.509 cert 'Canonical Ltd. Secure Boot Signing (2017): 242ade75ac4a15e50d50c84b0d45ff3eae707a03'
[    0.925402] Loaded X.509 cert 'Canonical Ltd. Secure Boot Signing (ESM 2018): 365188c1d374d6b07c3c8f240f8ef722433d6a8b'
[    0.928566] Loaded X.509 cert 'Canonical Ltd. Secure Boot Signing (2019): c0746fd6c5da3ae827864651ad66ae47fe24b3e8'
[    0.930875] Loaded X.509 cert 'Canonical Ltd. Secure Boot Signing (2021 v1): a8d54bbb3825cfb94fa13c9f8a594a195c107b8d'
[    0.933317] Loaded X.509 cert 'Canonical Ltd. Secure Boot Signing (2021 v2): 4cf046892d6fd3c9a5b03f98d845f90851dc6a8c'
[    0.935597] Loaded X.509 cert 'Canonical Ltd. Secure Boot Signing (2021 v3): 100437bb6de6e469b581e61cd66bce3ef4ed53af'
[    0.937946] Loaded X.509 cert 'Canonical Ltd. Secure Boot Signing (Ubuntu Core 2019): c1d57b8f6b743f23ee41f4f7ee292f06eecadfb9'
[    0.940514] zswap: loaded using pool lzo/zbud
[    0.947339] Key type big_key registered
[    0.948341] Key type trusted registered
[    0.953513] Key type encrypted registered
[    0.954612] AppArmor: AppArmor sha1 policy hashing enabled
[    0.956101] ima: No TPM chip found, activating TPM-bypass! (rc=-19)
[    0.959411] ima: Allocated hash algorithm: sha1
[    0.960557] evm: HMAC attrs: 0x1
[    0.961560]   Magic number: 3:510:730
[    0.963339] rtc_cmos rtc_cmos: setting system clock to 2023-12-23 10:44:45 UTC (1703328285)
[    0.965896] BIOS EDD facility v0.16 2004-Jun-25, 0 devices found
[    0.967721] EDD information not available.
[    1.021277] Freeing unused kernel image memory: 2480K
[    1.032147] Write protecting the kernel read-only data: 20480k
[    1.034682] Freeing unused kernel image memory: 2008K
[    1.036887] Freeing unused kernel image memory: 1820K
[    1.051947] x86/mm: Checked W+X mappings: passed, no W+X pages found.
Loading, please wait...
starting version 237
[    1.157715] e1000: Intel(R) PRO/1000 Network Driver - version 7.3.21-k8-NAPI
[    1.159936] e1000: Copyright (c) 1999-2006 Intel Corporation.
[    1.165206] Fusion MPT base driver 3.04.20
[    1.166535] Copyright (c) 1999-2008 LSI Corporation
[    1.188544] Fusion MPT SPI Host driver 3.04.20
[    1.193489] AVX version of gcm_enc/dec engaged.
[    1.194965] AES CTR mode by8 optimization enabled
[    1.385150] input: ImExPS/2 Generic Explorer Mouse as /devices/platform/i8042/serio1/input/input4
[    1.565125] e1000 0000:00:03.0 eth0: (PCI:33MHz:32-bit) 02:3b:7b:b7:3b:2d
[    1.566987] e1000 0000:00:03.0 eth0: Intel(R) PRO/1000 Network Connection
[    1.570046] mptbase: ioc0: Initiating bringup
[    1.668440] ioc0: LSI53C1030 A0: Capabilities={Initiator}
[    1.910213] scsi host2: ioc0: LSI53C1030 A0, FwRev=00000000h, Ports=1, MaxQ=256, IRQ=20
[    3.250547] scsi 2:0:0:0: Direct-Access     VBOX     HARDDISK         1.0  PQ: 0 ANSI: 5
[    3.284147] scsi target2:0:0: Beginning Domain Validation
[    3.288928] scsi target2:0:0: Domain Validation skipping write tests
[    3.291479] scsi target2:0:0: Ending Domain Validation
[    3.294170] scsi target2:0:0: asynchronous
[    3.296960] scsi 2:0:1:0: Direct-Access     VBOX     HARDDISK         1.0  PQ: 0 ANSI: 5
[    3.584153] scsi target2:0:1: Beginning Domain Validation
[    3.589649] scsi target2:0:1: Domain Validation skipping write tests
[    3.591919] scsi target2:0:1: Ending Domain Validation
[    3.593516] scsi target2:0:1: asynchronous
[    3.599610] sd 2:0:0:0: Attached scsi generic sg0 type 0
[    3.601301] sd 2:0:0:0: [sda] 83886080 512-byte logical blocks: (42.9 GB/40.0 GiB)
[    3.601460] sd 2:0:1:0: [sdb] 20480 512-byte logical blocks: (10.5 MB/10.0 MiB)
[    3.604752] sd 2:0:1:0: Attached scsi generic sg1 type 0
[    3.606464] sd 2:0:0:0: [sda] Write Protect is off
[    3.609481] sd 2:0:1:0: [sdb] Write Protect is off
[    3.609598] sd 2:0:0:0: [sda] Incomplete mode parameter data
[    3.612254] sd 2:0:0:0: [sda] Assuming drive cache: write through
[    3.614102] sd 2:0:1:0: [sdb] Incomplete mode parameter data
[    3.615684] sd 2:0:1:0: [sdb] Assuming drive cache: write through
[    3.627266] e1000 0000:00:08.0 eth1: (PCI:33MHz:32-bit) 08:00:27:1a:04:d4
[    3.628877] e1000 0000:00:08.0 eth1: Intel(R) PRO/1000 Network Connection
[    3.689861]  sda: sda1
[    3.693833] sd 2:0:0:0: [sda] Attached SCSI disk
[    3.738151] sd 2:0:1:0: [sdb] Attached SCSI disk
[    3.743673] e1000 0000:00:08.0 enp0s8: renamed from eth1
[    3.764442] e1000 0000:00:03.0 enp0s3: renamed from eth0
Begin: Loading essential drivers ... [    5.724086] raid6: sse2x1   gen()  5322 MB/s
[    5.772062] raid6: sse2x1   xor()  3703 MB/s
[    5.820074] raid6: sse2x2   gen()  7845 MB/s
[    5.868079] raid6: sse2x2   xor()  5413 MB/s
[    5.916085] raid6: sse2x4   gen()  8398 MB/s
[    5.964077] raid6: sse2x4   xor()  4488 MB/s
[    5.965971] raid6: using algorithm sse2x4 gen() 8398 MB/s
[    5.968215] raid6: .... xor() 4488 MB/s, rmw enabled
[    5.970289] raid6: using ssse3x2 recovery algorithm
[    5.974021] xor: automatically using best checksumming function   avx       
[    5.980309] async_tx: api initialized (async)
done.
Begin: Running /scripts/init-premount ... done.
Begin: Mounting root file system ... Begin: Running /scripts/local-top ... done.
Begin: Running /scripts/local-premount ... [    6.063036] Btrfs loaded, crc32c=crc32c-intel
Scanning for Btrfs filesystems
done.
Warning: fsck not present, so skipping root file system
[    6.173341] EXT4-fs (sda1): INFO: recovery required on readonly filesystem
[    6.175139] EXT4-fs (sda1): write access will be enabled during recovery
[    6.262668] EXT4-fs (sda1): recovery complete
[    6.264971] EXT4-fs (sda1): mounted filesystem with ordered data mode. Opts: (null)
done.
Begin: Running /scripts/local-bottom ... done.
Begin: Running /scripts/init-bottom ... done.
[    7.335930] ip_tables: (C) 2000-2006 Netfilter Core Team
[    7.421452] systemd[1]: systemd 237 running in system mode. (+PAM +AUDIT +SELINUX +IMA +APPARMOR +SMACK +SYSVINIT +UTMP +LIBCRYPTSETUP +GCRYPT +GNUTLS +ACL +XZ +LZ4 +SECCOMP +BLKID +ELFUTILS +KMOD -IDN2 +IDN -PCRE2 default-hierarchy=hybrid)
[    7.426768] systemd[1]: Detected virtualization oracle.
[    7.428181] systemd[1]: Detected architecture x86-64.

Welcome to [1mUbuntu 18.04.6 LTS[0m!

[    7.479691] systemd[1]: Set hostname to <ubuntu-bionic>.
[    9.252454] random: crng init done
[   10.791025] systemd[1]: Reached target System Time Synchronized.
[[0;32m  OK  [0m] Reached target System Time Synchronized.
[   10.794131] systemd[1]: Reached target Swap.
[[0;32m  OK  [0m] Reached target Swap.
[   10.796003] systemd[1]: Reached target Mounting snaps.
[[0;32m  OK  [0m] Reached target Mounting snaps.
[   10.800255] systemd[1]: Created slice User and Session Slice.
[[0;32m  OK  [0m] Created slice User and Session Slice.
[   10.802531] systemd[1]: Reached target Mounted snaps.
[[0;32m  OK  [0m] Reached target Mounted snaps.
[   10.804735] systemd[1]: Started Forward Password Requests to Wall Directory Watch.
[[0;32m  OK  [0m] Started Forward Password Requests to Wall Directory Watch.
[[0;32m  OK  [0m] Reached target User and Group Name Lookups.
[[0;32m  OK  [0m] Created slice System Slice.
[[0;32m  OK  [0m] Listening on LVM2 metadata daemon socket.
[[0;32m  OK  [0m] Listening on fsck to fsckd communication Socket.
[[0;32m  OK  [0m] Listening on LVM2 poll daemon socket.
[[0;32m  OK  [0m] Listening on Journal Socket.
         Mounting Kernel Debug File System...
[[0;32m  OK  [0m] Listening on Network Service Netlink Socket.
         Starting File System Check on Root Device...
         Starting Create list of required st…ce nodes for the current kernel...
         Starting Load Kernel Modules...
[[0;32m  OK  [0m] Listening on Syslog Socket.
         Mounting POSIX Message Queue File System...
         Starting Set the console keyboard layout...
         Starting Uncomplicated firewall...
         Mounting Huge Pages File System...
[[0;32m  OK  [0m] Created slice system-serial\x2dgetty.slice.
[[0;32m  OK  [0m] Listening on Device-mapper event daemon FIFOs.
         Starting Monitoring of LVM2 mirrors…ng dmeventd or progress polling...
[[0;32m  OK  [0m] Listening on udev Control Socket.
[[0;32m  OK  [0m] Listening on Journal Audit Socket.
[[0;32m  OK  [0m] Reached target Slices.
[[0;32m  OK  [0m] Set up automount Arbitrary Executab…rmats File System Automount Point.
[[0;32m  OK  [0m] Listening on Journal Socket (/dev/log).
         Starting Journal Service...
[[0;32m  OK  [0m] Listening on /dev/initctl Compatibility Named Pipe.
[[0;32m  OK  [0m] Listening on udev Kernel Socket.
         Starting udev Coldplug all Devices...
[[0;32m  OK  [0m] Mounted Kernel Debug File System.
[[0;32m  OK  [0m] Started Create list of required sta…vice nodes for the current kernel.
[[0;32m  OK  [0m] Mounted POSIX Message Queue File System.
[[0;32m  OK  [0m] Started Uncomplicated firewall.
[[0;32m  OK  [0m] Mounted Huge Pages File System.
[[0;32m  OK  [0m] Started File System Check Daemon to report status.
         Starting Create Static Device Nodes in /dev...
[[0;32m  OK  [0m] Started udev Coldplug all Devices.
[[0;32m  OK  [0m] Started Journal Service.
[   12.022259] Loading iSCSI transport class v2.0-870.
[[0;32m  OK  [0m] Started Set the console keyboard layout.
[[0;32m  OK  [0m] Started File System Check on Root Device.
         Starting Remount Root and Kernel File Systems...
[   12.278493] iscsi: registered transport (tcp)
[[0;32m  OK  [0m] Started LVM2 metadata daemon.
[[0;32m  OK  [0m] Started Create Static Device Nodes in /dev.
[   12.822618] EXT4-fs (sda1): re-mounted. Opts: (null)
[[0;32m  OK  [0m] Started Remount Root and Kernel File Systems.
         Starting Load/Save Random Seed...
         Starting Flush Journal to Persistent Storage...
         Starting udev Kernel Device Manager...
[[0;32m  OK  [0m] Started Monitoring of LVM2 mirrors,…sing dmeventd or progress polling.
[[0;32m  OK  [0m] Started Load/Save Random Seed.
[[0;32m  OK  [0m] Reached target Local File Systems (Pre).
[[0;32m  OK  [0m] Reached target Local File Systems.
         Starting AppArmor initialization...
         Starting Tell Plymouth To Write Out Runtime Data...
         Starting ebtables ruleset management...
         Starting Set console font and keymap...
[   13.040779] systemd-journald[411]: Received request to flush runtime journal from PID 1
[   13.058128] iscsi: registered transport (iser)
[[0;32m  OK  [0m] Started Load Kernel Modules.
         Mounting Kernel Configuration File System...
         Mounting FUSE Control File System...
         Starting Apply Kernel Variables...
[[0;32m  OK  [0m] Mounted Kernel Configuration File System.
[[0;32m  OK  [0m] Mounted FUSE Control File System.
[[0;32m  OK  [0m] Started Tell Plymouth To Write Out Runtime Data.
[[0;32m  OK  [0m] Started Set console font and keymap.
[[0;32m  OK  [0m] Started udev Kernel Device Manager.
[[0;32m  OK  [0m] Started Dispatch Password Requests to Console Directory Watch.
[[0;32m  OK  [0m] Reached target Local Encrypted Volumes.
[[0;32m  OK  [0m] Started Apply Kernel Variables.
[[0;32m  OK  [0m] Started Flush Journal to Persistent Storage.
         Starting Create Volatile Files and Directories...
[[0;32m  OK  [0m] Started Create Volatile Files and Directories.
         Starting Update UTMP about System Boot/Shutdown...
[[0;32m  OK  [0m] Started ebtables ruleset management.
[[0;32m  OK  [0m] Started Update UTMP about System Boot/Shutdown.
[[0;32m  OK  [0m] Found device /dev/ttyS0.
[[0;32m  OK  [0m] Listening on Load/Save RF Kill Switch Status /dev/rfkill Watch.
[[0;32m  OK  [0m] Started AppArmor initialization.
         Starting Load AppArmor profiles managed internally by snapd...
         Starting Initial cloud-init job (pre-networking)...
         Mounting Arbitrary Executable File Formats File System...
[[0;32m  OK  [0m] Mounted Arbitrary Executable File Formats File System.
[[0;32m  OK  [0m] Started Load AppArmor profiles managed internally by snapd.
[   24.720531] cloud-init[564]: Cloud-init v. 23.1.2-0ubuntu0~18.04.1 running 'init-local' at Sat, 23 Dec 2023 10:45:08 +0000. Up 23.76 seconds.
[[0;32m  OK  [0m] Started Initial cloud-init job (pre-networking).
[[0;32m  OK  [0m] Reached target Network (Pre).
         Starting Network Service...
[[0;32m  OK  [0m] Started Network Service.
         Starting Network Name Resolution...
         Starting Wait for Network to be Configured...
[[0;32m  OK  [0m] Started Network Name Resolution.
[[0;32m  OK  [0m] Reached target Host and Network Name Lookups.
[[0;32m  OK  [0m] Reached target Network.
[[0;32m  OK  [0m] Started Wait for Network to be Configured.
         Starting Initial cloud-init job (metadata service crawler)...
[   28.043439] cloud-init[681]: Cloud-init v. 23.1.2-0ubuntu0~18.04.1 running 'init' at Sat, 23 Dec 2023 10:45:12 +0000. Up 27.71 seconds.
[   28.048629] cloud-init[681]: ci-info: ++++++++++++++++++++++++++++++++++++++Net device info++++++++++++++++++++++++++++++++++++++
[   28.051190] cloud-init[681]: ci-info: +--------+------+----------------------------+---------------+--------+-------------------+
[   28.053544] cloud-init[681]: ci-info: | Device |  Up  |          Address           |      Mask     | Scope  |     Hw-Address    |
[   28.055230] cloud-init[681]: ci-info: +--------+------+----------------------------+---------------+--------+-------------------+
[   28.057703] cloud-init[681]: ci-info: | enp0s3 | True |         10.0.2.15          | 255.255.255.0 | global | 02:3b:7b:b7:3b:2d |
[   28.060405] cloud-init[681]: ci-info: | enp0s3 | True | fe80::3b:7bff:feb7:3b2d/64 |       .       |  link  | 02:3b:7b:b7:3b:2d |
[   28.062074] cloud-init[681]: ci-info: | enp0s8 | True |       192.168.100.13       | 255.255.255.0 | global | 08:00:27:1a:04:d4 |
[   28.063696] cloud-init[681]: ci-info: | enp0s8 | True | fe80::a00:27ff:fe1a:4d4/64 |       .       |  link  | 08:00:27:1a:04:d4 |
[   28.065453] cloud-init[681]: ci-info: |   lo   | True |         127.0.0.1          |   255.0.0.0   |  host  |         .         |
[   28.067162] cloud-init[681]: ci-info: |   lo   | True |          ::1/128           |       .       |  host  |         .         |
[   28.068941] cloud-init[681]: ci-info: +--------+------+----------------------------+---------------+--------+-------------------+
[   28.070585] cloud-init[681]: ci-info: +++++++++++++++++++++++++++++Route IPv4 info++++++++++++++++++++++++++++++
[   28.072150] cloud-init[681]: ci-info: +-------+---------------+----------+-----------------+-----------+-------+
[   28.075700] cloud-init[681]: ci-info: | Route |  Destination  | Gateway  |     Genmask     | Interface | Flags |
[   28.077263] cloud-init[681]: ci-info: +-------+---------------+----------+-----------------+-----------+-------+
[   28.078521] cloud-init[681]: ci-info: |   0   |    0.0.0.0    | 10.0.2.2 |     0.0.0.0     |   enp0s3  |   UG  |
[   28.079778] cloud-init[681]: ci-info: |   1   |    10.0.2.0   | 0.0.0.0  |  255.255.255.0  |   enp0s3  |   U   |
[   28.081584] cloud-init[681]: ci-info: |   2   |    10.0.2.2   | 0.0.0.0  | 255.255.255.255 |   enp0s3  |   UH  |
[   28.082803] cloud-init[681]: ci-info: |   3   | 192.168.100.0 | 0.0.0.0  |  255.255.255.0  |   enp0s8  |   U   |
[   28.084049] cloud-init[681]: ci-info: +-------+---------------+----------+-----------------+-----------+-------+
[   28.085354] cloud-init[681]: ci-info: +++++++++++++++++++Route IPv6 info+++++++++++++++++++
[   28.086422] cloud-init[681]: ci-info: +-------+-------------+---------+-----------+-------+
[   28.087383] cloud-init[681]: ci-info: | Route | Destination | Gateway | Interface | Flags |
[   28.088485] cloud-init[681]: ci-info: +-------+-------------+---------+-----------+-------+
[   28.089598] cloud-init[681]: ci-info: |   1   |  fe80::/64  |    ::   |   enp0s8  |   U   |
[   28.090673] cloud-init[681]: ci-info: |   2   |  fe80::/64  |    ::   |   enp0s3  |   U   |
[   28.093362] cloud-init[681]: ci-info: |   3   |     ::/0    | fe80::1 |   enp0s8  |   UG  |
[   28.095692] cloud-init[681]: ci-info: |   5   |    local    |    ::   |   enp0s3  |   U   |
[   28.097044] cloud-init[681]: ci-info: |   6   |    local    |    ::   |   enp0s8  |   U   |
[   28.098250] cloud-init[681]: ci-info: |   7   |   ff00::/8  |    ::   |   enp0s8  |   U   |
[   28.114681] cloud-init[681]: ci-info: |   8   |   ff00::/8  |    ::   |   enp0s3  |   U   |
[   28.117073] cloud-init[681]: ci-info: +-------+-------------+---------+-----------+-------+
[[0;32m  OK  [0m] Started Initial cloud-init job (metadata service crawler).
[[0;32m  OK  [0m] Reached target Cloud-config availability.
[[0;32m  OK  [0m] Reached target Network is Online.
         Starting Availability of block devices...
[[0;32m  OK  [0m] Reached target Remote File Systems (Pre).
[[0;32m  OK  [0m] Reached target Remote File Systems.
[[0;32m  OK  [0m] Reached target System Initialization.
[[0;32m  OK  [0m] Started ACPI Events Check.
[[0;32m  OK  [0m] Listening on UUID daemon activation socket.
[[0;32m  OK  [0m] Listening on Open-iSCSI iscsid Socket.
[[0;32m  OK  [0m] Started Discard unused blocks once a week.
[[0;32m  OK  [0m] Started Ubuntu Advantage Timer for running repeated jobs.
[[0;32m  OK  [0m] Listening on D-Bus System Message Bus Socket.
[[0;32m  OK  [0m] Started Daily apt download activities.
[[0;32m  OK  [0m] Started Daily apt upgrade and clean activities.
         Starting Socket activation for snappy daemon.
         Starting LXD - unix socket.
[[0;32m  OK  [0m] Listening on cloud-init hotplug hook socket.
[[0;32m  OK  [0m] Started Message of the Day.
[[0;32m  OK  [0m] Started Daily Cleanup of Temporary Directories.
[[0;32m  OK  [0m] Reached target Timers.
[[0;32m  OK  [0m] Listening on ACPID Listen Socket.
[[0;32m  OK  [0m] Reached target Paths.
[[0;32m  OK  [0m] Started Availability of block devices.
[[0;32m  OK  [0m] Listening on Socket activation for snappy daemon.
[[0;32m  OK  [0m] Listening on LXD - unix socket.
[[0;32m  OK  [0m] Reached target Sockets.
[[0;32m  OK  [0m] Reached target Basic System.
         Starting Virtualbox guest utils...
         Starting LSB: Record successful boot for GRUB...
         Starting LXD - container startup/shutdown...
         Starting Permit User Sessions...
[[0;32m  OK  [0m] Started irqbalance daemon.
[[0;32m  OK  [0m] Started Regular background program processing daemon.
         Starting Login Service...
         Starting LSB: automatic crash report generation...
[[0;32m  OK  [0m] Reached target Login Prompts (Pre).
         Starting System Logging Service...
[[0;32m  OK  [0m] Started D-Bus System Message Bus.
[[0;32m  OK  [0m] Started Login Service.
         Starting Accounts Service...
[[0;32m  OK  [0m] Started Deferred execution scheduler.
         Starting Dispatcher daemon for systemd-networkd...
[[0;32m  OK  [0m] Started FUSE filesystem for LXC.
[[0;32m  OK  [0m] Started Unattended Upgrades Shutdown.
         Starting OpenBSD Secure Shell server...
         Starting Snap Daemon...
[[0;32m  OK  [0m] Started System Logging Service.
[[0;32m  OK  [0m] Started Permit User Sessions.
         Starting Authorization Manager...
         Starting Hold until boot process finishes up...
         Starting Terminate Plymouth Boot Screen...
[[0;32m  OK  [0m] Started Hold until boot process finishes up.
         Starting Set console scheme...
[[0;32m  OK  [0m] Started Serial Getty on ttyS0.
[[0;32m  OK  [0m] Started Terminate Plymouth Boot Screen.
[[0;32m  OK  [0m] Started Set console scheme.
[[0;32m  OK  [0m] Created slice system-getty.slice.
[[0;32m  OK  [0m] Started Getty on tty1.
[[0;32m  OK  [0m] Reached target Login Prompts.
[[0;32m  OK  [0m] Started LSB: automatic crash report generation.
[[0;32m  OK  [0m] Started LSB: Record successful boot for GRUB.
[[0;32m  OK  [0m] Started Authorization Manager.
[[0;32m  OK  [0m] Started Accounts Service.
[[0;32m  OK  [0m] Started Virtualbox guest utils.
[[0;32m  OK  [0m] Started OpenBSD Secure Shell server.
[[0;32m  OK  [0m] Started LXD - container startup/shutdown.
[[0;32m  OK  [0m] Started Dispatcher daemon for systemd-networkd.
[[0;32m  OK  [0m] Started Snap Daemon.
         Starting Wait until snapd is fully seeded...
         Starting Time & Date Service...
[[0;32m  OK  [0m] Started Time & Date Service.
[[0;32m  OK  [0m] Started Wait until snapd is fully seeded.
         Starting Apply the settings specified in cloud-config...
[   35.995264] cloud-init[1197]: Cloud-init v. 23.1.2-0ubuntu0~18.04.1 running 'modules:config' at Sat, 23 Dec 2023 10:45:20 +0000. Up 35.68 seconds.
[[0;32m  OK  [0m] Started Apply the settings specified in cloud-config.
[[0;32m  OK  [0m] Reached target Multi-User System.
[[0;32m  OK  [0m] Reached target Graphical Interface.
         Starting Update UTMP about System Runlevel Changes...
         Starting Execute cloud user/final scripts...
[[0;32m  OK  [0m] Started Update UTMP about System Runlevel Changes.

Ubuntu 18.04.6 LTS ubuntu-bionic ttyS0

ubuntu-bionic login: [   37.218862] cloud-init[1247]: Cloud-init v. 23.1.2-0ubuntu0~18.04.1 running 'modules:final' at Sat, 23 Dec 2023 10:45:21 +0000. Up 36.92 seconds.
[   37.223271] cloud-init[1247]: Cloud-init v. 23.1.2-0ubuntu0~18.04.1 finished at Sat, 23 Dec 2023 10:45:21 +0000. Datasource DataSourceNoCloud [seed=/dev/sdb][dsmode=net].  Up 37.18 seconds
